Exception at PC 0x000007FEBF9F1A52
Attemped to write at address 0x000007FEECD6ABA4
Printing stacktrace...

[0]  [0x000007FEBF9F1A52]
[1]  [0x000007FEBF9F1A52]
[2]  [0x000007FEBF9F1AD4]
[3]  [0x000007FEBFB33FF7]
[4]  [0x000007FEBFA19128]
[5]  [0x000007FEBFCCDFB9]
[6]  [0x000007FEBFE9EF23]
[7]  [0x000007FEBFDAB06B]
[8]  [0x000007FEBFDA08AF]
[9]  [0x000007FEBFDA0A32]
[10] (LdrShutdownProcess+0x1d1) [0x0000000077224371]
[11] (RtlExitUserProcess+0x90) [0x0000000077224180]
[12] (strncpy_s+0x14a) [0x000007FEFD789962]
[13]  [0x00000000004014CD]
[14]  [0x000000000040151B]
[15] (BaseThreadInitThunk+0xd) [0x00000000770F652D]
[16] (RtlUserThreadStart+0x21) [0x000000007722C521]
Done
